<?xml version="1.0" encoding="UTF-8"?>
<testng-results ignored="0" total="1" passed="1" failed="0" skipped="0">
  <reporter-output>
  </reporter-output>
  <suite started-at="2025-12-03T11:05:17 IST" name="Suite" finished-at="2025-12-03T11:05:17 IST" duration-ms="95">
    <groups>
      <group name="regression">
        <method signature="SampleTest.Virat()[pri:0, instance:demo1.SampleTest@55b699ef]" name="Virat" class="demo1.SampleTest"/>
      </group> <!-- regression -->
    </groups>
    <test started-at="2025-12-03T11:05:17 IST" name="Test" finished-at="2025-12-03T11:05:17 IST" duration-ms="95">
      <class name="demo1.SampleTest">
        <test-method signature="Virat()[pri:0, instance:demo1.SampleTest@55b699ef]" started-at="2025-12-03T11:05:17 IST" name="Virat" finished-at="2025-12-03T11:05:17 IST" duration-ms="22" status="PASS">
          <reporter-output>
          </reporter-output>
        </test-method> <!-- Virat -->
      </class> <!-- demo1.SampleTest -->
    </test> <!-- Test -->
  </suite> <!-- Suite -->
</testng-results>
